<?xml version="1.0" encoding="UTF-8"?>
<!-- Generated by org.testng.reporters.JUnitReportReporter -->
<testsuite name="com.course.cases.UpdateUserInfoTest" tests="2" time="35.873" ignored="0" failures="0" timestamp="16 Aug 2020 09:48:02 GMT" skipped="0" hostname="DESKTOP-ADM31IU" errors="0">
  <testcase name="updateUserInfo" time="32.754" classname="com.course.cases.UpdateUserInfoTest"/>
  <testcase name="deleteUser" time="3.119" classname="com.course.cases.UpdateUserInfoTest"/>
</testsuite> <!-- com.course.cases.UpdateUserInfoTest -->
