<?xml version="1.0" encoding="UTF-8"?>
<!-- Generated by org.testng.reporters.JUnitReportReporter -->
<testsuite name="com.course.cases.GetUserInfoTest" tests="1" time="0.074" ignored="0" failures="0" timestamp="16 Aug 2020 11:39:14 GMT" skipped="0" hostname="DESKTOP-ADM31IU" errors="0">
  <testcase name="getUserInfo" time="0.074" classname="com.course.cases.GetUserInfoTest"/>
</testsuite> <!-- com.course.cases.GetUserInfoTest -->
