<?xml version="1.0" encoding="UTF-8"?>
<!-- Generated by org.testng.reporters.JUnitReportReporter -->
<testsuite name="com.course.cases.GetUserInfoListTest" tests="1" time="0.120" ignored="0" failures="0" timestamp="16 Aug 2020 09:48:02 GMT" skipped="0" hostname="DESKTOP-ADM31IU" errors="0">
  <testcase name="getUserListInfo" time="0.120" classname="com.course.cases.GetUserInfoListTest"/>
</testsuite> <!-- com.course.cases.GetUserInfoListTest -->
