<?xml version="1.0" encoding="UTF-8"?>
<!-- Generated by org.testng.reporters.JUnitReportReporter -->
<testsuite name="com.course.cases.addUserTest" tests="1" time="3.078" ignored="0" failures="0" timestamp="16 Aug 2020 09:48:02 GMT" skipped="0" hostname="DESKTOP-ADM31IU" errors="0">
  <testcase name="addUser" time="3.078" classname="com.course.cases.addUserTest"/>
</testsuite> <!-- com.course.cases.addUserTest -->
