<?xml version="1.0" encoding="UTF-8"?>
<!-- Generated by org.testng.reporters.JUnitReportReporter -->
<testsuite name="com.course.cases.LoginTest" tests="2" time="2.392" ignored="0" failures="0" timestamp="16 Aug 2020 09:48:02 GMT" skipped="0" hostname="DESKTOP-ADM31IU" errors="0">
  <testcase name="loginTrue" time="2.309" classname="com.course.cases.LoginTest"/>
  <testcase name="loginFalse" time="0.083" classname="com.course.cases.LoginTest"/>
</testsuite> <!-- com.course.cases.LoginTest -->
